2019-06-16 00:03:10,503 | INFO | Refreshing access_token
2019-06-16 00:04:30,006 | INFO | Could not create profile for William Rigsby, id 53
2019-06-16 00:04:41,806 | INFO | Refreshing access_token
2019-06-16 00:05:55,668 | INFO | Refreshing access_token
2019-06-16 00:13:07,197 | INFO | Refreshing access_token
2019-06-16 00:17:38,578 | INFO | Refreshing access_token
2019-06-16 00:17:40,859 | ERROR | Chromedriver problem: Message: unknown error: Chrome failed to start: exited abnormally
  (unknown error: DevToolsActivePort file doesn't exist)
  (The process started from chrome location /usr/bin/google-chrome is no longer running, so ChromeDriver is assuming that Chrome has crashed.)
  (Driver info: chromedriver=2.44.609551 (5d576e9a44fe4c5b6a07e568f1ebc753f1214634),platform=Linux 5.0.0-16-generic x86_64)

2019-06-16 00:18:44,494 | INFO | Refreshing access_token
2019-06-16 00:18:46,826 | ERROR | Chromedriver problem: Message: unknown error: Chrome failed to start: exited abnormally
  (unknown error: DevToolsActivePort file doesn't exist)
  (The process started from chrome location /usr/bin/google-chrome is no longer running, so ChromeDriver is assuming that Chrome has crashed.)
  (Driver info: chromedriver=2.44.609551 (5d576e9a44fe4c5b6a07e568f1ebc753f1214634),platform=Linux 5.0.0-16-generic x86_64)

2019-06-16 00:19:02,962 | INFO | Refreshing access_token
2019-06-16 22:27:21,265 | INFO | Refreshing access_token
2019-06-16 22:27:44,228 | INFO | Refreshing access_token
2019-06-16 22:28:29,026 | INFO | Refreshing access_token
2019-06-16 22:30:01,335 | INFO | Refreshing access_token
2019-06-16 22:31:00,193 | INFO | Refreshing access_token
2019-06-16 22:31:43,971 | INFO | Refreshing access_token
2019-06-16 22:32:38,728 | INFO | Refreshing access_token
2019-06-16 22:33:10,303 | INFO | Refreshing access_token
2019-06-16 22:34:02,769 | INFO | Refreshing access_token
2019-06-16 22:34:36,949 | INFO | Refreshing access_token
2019-06-16 22:35:25,878 | INFO | Refreshing access_token
2019-06-16 22:35:59,078 | INFO | Refreshing access_token
2019-06-16 22:39:32,882 | INFO | Refreshing access_token
2019-06-16 22:43:42,457 | INFO | Refreshing access_token
2019-06-16 22:48:02,165 | INFO | Refreshing access_token
2019-06-16 22:49:09,488 | INFO | Refreshing access_token
2019-06-16 23:38:35,397 | INFO | Refreshing access_token
2019-06-16 23:47:42,558 | INFO | Refreshing access_token
2019-06-16 23:49:26,541 | INFO | Refreshing access_token
