2019-06-18 22:07:11,997 | INFO | Refreshing access_token
2019-06-18 22:08:26,432 | INFO | Refreshing access_token
2019-06-18 22:09:16,943 | INFO | Refreshing access_token
2019-06-18 22:10:21,710 | INFO | Refreshing access_token
2019-06-18 22:14:03,882 | INFO | Refreshing access_token
2019-06-18 22:15:05,471 | INFO | Refreshing access_token
2019-06-18 22:26:39,974 | INFO | Refreshing access_token
2019-06-18 22:28:34,937 | INFO | Refreshing access_token
2019-06-18 22:30:02,735 | INFO | Refreshing access_token
2019-06-18 22:32:01,974 | INFO | Refreshing access_token
2019-06-18 22:33:39,887 | INFO | Could not create profile for Gloria Owen, id 96
2019-06-18 22:34:11,361 | INFO | Refreshing access_token
2019-06-18 22:37:02,514 | INFO | Refreshing access_token
2019-06-18 22:40:34,082 | INFO | Refreshing access_token
2019-06-18 22:41:13,245 | INFO | Profile for Geraldine Hackman, id 99 created
2019-06-18 22:59:42,393 | INFO | Refreshing access_token
2019-06-18 23:12:08,459 | INFO | Refreshing access_token
2019-06-18 23:17:36,570 | INFO | Refreshing access_token
2019-06-18 23:21:02,098 | INFO | Refreshing access_token
2019-06-18 23:22:48,217 | INFO | Refreshing access_token
2019-06-18 23:23:25,228 | INFO | Profile for Salvador Johnson, id 104 created
2019-06-18 23:27:40,140 | INFO | Refreshing access_token
2019-06-18 23:29:12,045 | INFO | Refreshing access_token
2019-06-18 23:29:47,544 | INFO | Profile for Kevin Sanders, id 106 created
2019-06-18 23:30:25,941 | INFO | Refreshing access_token
2019-06-18 23:30:51,895 | INFO | Profile for Melva Neal, id 107 created
2019-06-18 23:32:04,471 | INFO | Refreshing access_token
2019-06-18 23:32:46,324 | INFO | Refreshing access_token
2019-06-18 23:33:26,819 | INFO | Refreshing access_token
2019-06-18 23:33:30,685 | INFO | Refreshing access_token
2019-06-18 23:38:14,235 | INFO | Refreshing access_token
2019-06-18 23:38:43,924 | INFO | Refreshing access_token
2019-06-18 23:39:10,504 | INFO | Refreshing access_token
2019-06-18 23:39:30,605 | INFO | Profile for Santos Sullivan, id 111 created
2019-06-18 23:39:50,541 | INFO | Refreshing access_token
2019-06-18 23:40:11,896 | INFO | Profile for Christine Wilson, id 112 created
2019-06-18 23:40:28,634 | INFO | Refreshing access_token
